<?xml version="1.0" encoding="UTF-8"?>
<!-- Generated by org.testng.reporters.JUnitXMLReporter -->
<testsuite ignored="2" hostname="Vishus__Lappy" failures="1" tests="6" name="Test" time="24.704" errors="0" timestamp="2023-02-10T07:57:11 IST">
  <testcase classname="test.LoginTest" name="verifyBuildTitle" time="0.019"/>
  <testcase classname="test.LoginTest" name="verifyTitleOfLoginPage" time="2.953"/>
  <testcase classname="test.LoginTest" name="verifyUrlOfloginPage" time="0.011"/>
  <testcase classname="test.LoginTest" name="verifyLoginWithCorrectCredentials" time="2.038"/>
  <testcase classname="test.PIMTest" name="verifyPIMPageTitle" time="1.738"/>
  <testcase classname="test.PIMTest" name="verifyEmpIDfromSearch" time="10.291">
    <failure type="java.lang.IndexOutOfBoundsException" message="Index 0 out of bounds for length 0">
      <![CDATA[java.lang.IndexOutOfBoundsException: Index 0 out of bounds for length 0
at java.base/jdk.internal.util.Preconditions.outOfBounds(Preconditions.java:64)
at java.base/jdk.internal.util.Preconditions.outOfBoundsCheckIndex(Preconditions.java:70)
at java.base/jdk.internal.util.Preconditions.checkIndex(Preconditions.java:248)
at java.base/java.util.Objects.checkIndex(Objects.java:359)
at java.base/java.util.ArrayList.get(ArrayList.java:427)
at mainjava.PIMPage.getEidFromSearchedresults(PIMPage.java:89)
at test.PIMTest.verifyEmpIDfromSearch(PIMTest.java:20)
at java.base/java.util.ArrayList.forEach(ArrayList.java:1511)
... Removed 27 stack frames]]>
    </failure>
  </testcase> <!-- verifyEmpIDfromSearch -->
  <testcase classname="test.BaseTest" name="@AfterSuite tearDownEnvironment" time="0.0">
    <ignored/>
  </testcase> <!-- @AfterSuite tearDownEnvironment -->
  <testcase classname="test.BaseTest" name="@BeforeSuite initBrowser" time="0.0">
    <ignored/>
  </testcase> <!-- @BeforeSuite initBrowser -->
</testsuite> <!-- Test -->
